2023-10-16 12:15:54 INFO  Log:9 - =====================================loginTest TEST START=========================================
2023-10-16 12:15:57 INFO  Log:20 - user is going to click on SignIn
2023-10-16 12:15:58 INFO  Log:20 - Enter Username and Password
2023-10-16 12:16:01 INFO  Log:20 - Login is Sucess
2023-10-16 12:16:01 INFO  Log:13 - =====================================loginTest TEST END=========================================
2023-10-16 15:13:46 INFO  Log:9 - =====================================loginTest TEST START=========================================
2023-10-16 15:13:49 INFO  Log:20 - user is going to click on SignIn
2023-10-16 15:13:55 INFO  Log:20 - Enter Username and Password
2023-10-16 15:14:05 INFO  Log:20 - Login is Sucess
2023-10-16 15:14:05 INFO  Log:13 - =====================================loginTest TEST END=========================================
2023-10-16 15:20:49 INFO  Log:9 - =====================================VerifySignIn TEST START=========================================
2023-10-16 15:20:49 INFO  Log:20 - Verify SignIn button is displayed
2023-10-16 15:20:49 INFO  Log:20 - SignIn button is displayed
2023-10-16 15:20:49 INFO  Log:13 - =====================================VerifySignIn TEST END=========================================
2023-10-16 15:20:54 INFO  Log:9 - =====================================loginTest TEST START=========================================
2023-10-16 15:20:57 INFO  Log:20 - user is going to click on SignIn
2023-10-16 15:21:00 INFO  Log:20 - Enter Username and Password
2023-10-16 15:21:10 INFO  Log:20 - Login is Sucess
2023-10-16 15:21:10 INFO  Log:13 - =====================================loginTest TEST END=========================================
2023-10-16 15:49:50 INFO  Log:9 - =====================================VerifySignIn TEST START=========================================
2023-10-16 15:49:50 INFO  Log:20 - Verify SignIn button is displayed
2023-10-16 15:49:50 INFO  Log:20 - SignIn button is displayed
2023-10-16 15:49:50 INFO  Log:13 - =====================================VerifySignIn TEST END=========================================
2023-10-16 15:49:55 INFO  Log:9 - =====================================loginTest TEST START=========================================
2023-10-16 15:49:58 INFO  Log:20 - user is going to click on SignIn
2023-10-16 15:49:59 INFO  Log:20 - Enter Username and Password
2023-10-16 15:50:03 INFO  Log:20 - Login is Sucess
2023-10-16 15:50:03 INFO  Log:13 - =====================================loginTest TEST END=========================================
2023-10-16 16:03:54 INFO  Log:9 - =====================================VerifySignIn TEST START=========================================
2023-10-16 16:03:54 INFO  Log:20 - Verify SignIn button is displayed
2023-10-16 16:03:54 INFO  Log:20 - SignIn button is displayed
2023-10-16 16:03:54 INFO  Log:13 - =====================================VerifySignIn TEST END=========================================
2023-10-16 16:04:11 INFO  Log:9 - =====================================VerifySignIn TEST START=========================================
2023-10-16 16:04:11 INFO  Log:20 - Verify SignIn button is displayed
2023-10-16 16:04:12 INFO  Log:20 - SignIn button is displayed
2023-10-16 16:04:12 INFO  Log:13 - =====================================VerifySignIn TEST END=========================================
2023-10-16 16:04:17 INFO  Log:9 - =====================================loginTest TEST START=========================================
2023-10-16 16:04:20 INFO  Log:20 - user is going to click on SignIn
2023-10-16 16:04:21 INFO  Log:20 - Enter Username and Password
2023-10-16 16:04:26 INFO  Log:20 - Login is Sucess
2023-10-16 16:04:26 INFO  Log:13 - =====================================loginTest TEST END=========================================
2023-10-17 10:06:31 INFO  Log:9 - =====================================VerifySignIn TEST START=========================================
2023-10-17 10:06:31 INFO  Log:20 - Verify SignIn button is displayed
2023-10-17 10:06:31 INFO  Log:20 - SignIn button is displayed
2023-10-17 10:06:31 INFO  Log:13 - =====================================VerifySignIn TEST END=========================================
2023-10-17 10:06:36 INFO  Log:9 - =====================================loginTest TEST START=========================================
2023-10-17 10:06:39 INFO  Log:20 - user is going to click on SignIn
2023-10-17 10:06:40 INFO  Log:20 - Enter Username and Password
2023-10-17 10:06:47 INFO  Log:20 - Login is Sucess
2023-10-17 10:06:47 INFO  Log:13 - =====================================loginTest TEST END=========================================
2023-10-17 10:06:59 INFO  Log:9 - =====================================VerifySignIn TEST START=========================================
2023-10-17 10:06:59 INFO  Log:20 - Verify SignIn button is displayed
2023-10-17 10:06:59 INFO  Log:20 - SignIn button is displayed
2023-10-17 10:06:59 INFO  Log:13 - =====================================VerifySignIn TEST END=========================================
2023-10-17 10:07:06 INFO  Log:9 - =====================================loginTest TEST START=========================================
2023-10-17 10:07:09 INFO  Log:20 - user is going to click on SignIn
2023-10-17 10:07:11 INFO  Log:20 - Enter Username and Password
2023-10-17 10:07:16 INFO  Log:20 - Login is Sucess
2023-10-17 10:07:16 INFO  Log:13 - =====================================loginTest TEST END=========================================
2023-10-17 10:08:30 INFO  Log:9 - =====================================loginTest TEST START=========================================
2023-10-17 10:08:31 INFO  Log:9 - =====================================VerifySignIn TEST START=========================================
2023-10-17 10:08:31 INFO  Log:20 - Verify SignIn button is displayed
2023-10-17 10:08:31 INFO  Log:20 - SignIn button is displayed
2023-10-17 10:08:31 INFO  Log:13 - =====================================VerifySignIn TEST END=========================================
2023-10-17 10:08:33 INFO  Log:20 - user is going to click on SignIn
2023-10-17 10:08:34 INFO  Log:20 - Enter Username and Password
2023-10-17 10:08:39 INFO  Log:20 - Login is Sucess
2023-10-17 10:08:39 INFO  Log:13 - =====================================loginTest TEST END=========================================
2023-10-17 10:08:47 INFO  Log:9 - =====================================loginTest TEST START=========================================
2023-10-17 10:08:47 INFO  Log:9 - =====================================VerifySignIn TEST START=========================================
2023-10-17 10:08:47 INFO  Log:20 - Verify SignIn button is displayed
2023-10-17 10:08:47 INFO  Log:20 - SignIn button is displayed
2023-10-17 10:08:47 INFO  Log:13 - =====================================VerifySignIn TEST END=========================================
2023-10-17 10:08:50 INFO  Log:20 - user is going to click on SignIn
2023-10-17 10:08:51 INFO  Log:20 - Enter Username and Password
2023-10-17 10:08:56 INFO  Log:20 - Login is Sucess
2023-10-17 10:08:56 INFO  Log:13 - =====================================loginTest TEST END=========================================
2023-10-17 10:09:29 INFO  Log:9 - =====================================loginTest TEST START=========================================
2023-10-17 10:09:32 INFO  Log:20 - user is going to click on SignIn
2023-10-17 10:09:33 INFO  Log:9 - =====================================VerifySignIn TEST START=========================================
2023-10-17 10:09:33 INFO  Log:20 - Verify SignIn button is displayed
2023-10-17 10:09:33 INFO  Log:20 - SignIn button is displayed
2023-10-17 10:09:33 INFO  Log:13 - =====================================VerifySignIn TEST END=========================================
2023-10-17 10:09:34 INFO  Log:20 - Enter Username and Password
2023-10-17 10:09:39 INFO  Log:20 - Login is Sucess
2023-10-17 10:09:39 INFO  Log:13 - =====================================loginTest TEST END=========================================
2023-10-17 10:09:46 INFO  Log:9 - =====================================VerifySignIn TEST START=========================================
2023-10-17 10:09:46 INFO  Log:20 - Verify SignIn button is displayed
2023-10-17 10:09:46 INFO  Log:20 - SignIn button is displayed
2023-10-17 10:09:46 INFO  Log:13 - =====================================VerifySignIn TEST END=========================================
2023-10-17 10:09:47 INFO  Log:9 - =====================================loginTest TEST START=========================================
2023-10-17 10:09:50 INFO  Log:20 - user is going to click on SignIn
2023-10-17 10:09:51 INFO  Log:20 - Enter Username and Password
2023-10-17 10:09:57 INFO  Log:20 - Login is Sucess
2023-10-17 10:09:57 INFO  Log:13 - =====================================loginTest TEST END=========================================
2023-10-17 10:10:45 INFO  Log:9 - =====================================VerifySignIn TEST START=========================================
2023-10-17 10:10:45 INFO  Log:20 - Verify SignIn button is displayed
2023-10-17 10:10:45 INFO  Log:20 - SignIn button is displayed
2023-10-17 10:10:45 INFO  Log:13 - =====================================VerifySignIn TEST END=========================================
2023-10-17 10:10:49 INFO  Log:9 - =====================================loginTest TEST START=========================================
2023-10-17 10:10:49 INFO  Log:9 - =====================================VerifySignIn TEST START=========================================
2023-10-17 10:10:49 INFO  Log:20 - Verify SignIn button is displayed
2023-10-17 10:10:49 INFO  Log:20 - SignIn button is displayed
2023-10-17 10:10:49 INFO  Log:13 - =====================================VerifySignIn TEST END=========================================
2023-10-17 10:10:52 INFO  Log:20 - user is going to click on SignIn
2023-10-17 10:10:53 INFO  Log:20 - Enter Username and Password
2023-10-17 10:10:57 INFO  Log:9 - =====================================loginTest TEST START=========================================
2023-10-17 10:10:58 INFO  Log:20 - Login is Sucess
2023-10-17 10:10:58 INFO  Log:13 - =====================================loginTest TEST END=========================================
2023-10-17 10:11:00 INFO  Log:20 - user is going to click on SignIn
2023-10-17 10:11:02 INFO  Log:20 - Enter Username and Password
2023-10-17 10:11:06 INFO  Log:20 - Login is Sucess
2023-10-17 10:11:06 INFO  Log:13 - =====================================loginTest TEST END=========================================
2023-10-17 10:46:46 INFO  Log:9 - =====================================VerifySignIn TEST START=========================================
2023-10-17 10:46:46 INFO  Log:20 - Verify SignIn button is displayed
2023-10-17 10:46:46 INFO  Log:20 - SignIn button is displayed
2023-10-17 10:46:46 INFO  Log:13 - =====================================VerifySignIn TEST END=========================================
2023-10-17 10:46:48 INFO  Log:9 - =====================================loginTest TEST START=========================================
2023-10-17 10:46:51 INFO  Log:20 - user is going to click on SignIn
2023-10-17 10:46:53 INFO  Log:20 - Enter Username and Password
2023-10-17 10:46:57 INFO  Log:20 - Login is Sucess
2023-10-17 10:46:57 INFO  Log:13 - =====================================loginTest TEST END=========================================
2023-10-17 10:46:57 DEBUG cache:45 - Couldn't find template in cache for "v3html/v3-html-index.ftl"("en", UTF-8, parsed); will try to load it.
2023-10-17 10:46:57 DEBUG cache:45 - TemplateLoader.findTemplateSource("v3html/v3-html-index_en.ftl"): Not found
2023-10-17 10:46:57 DEBUG cache:45 - TemplateLoader.findTemplateSource("v3html/v3-html-index.ftl"): Found
2023-10-17 10:46:57 DEBUG cache:45 - Loading template for "v3html/v3-html-index.ftl"("en", UTF-8, parsed) from "jar:file:/C:/Users/sreek/.m2/repository/com/aventstack/extentreports/4.0.9/extentreports-4.0.9.jar!/com/aventstack/extentreports/view/v3html/v3-html-index.ftl"
2023-10-17 10:46:58 DEBUG cache:45 - Couldn't find template in cache for "v3html/v3-html-head.ftl"("en", UTF-8, parsed); will try to load it.
2023-10-17 10:46:58 DEBUG cache:45 - TemplateLoader.findTemplateSource("v3html/v3-html-head_en.ftl"): Not found
2023-10-17 10:46:58 DEBUG cache:45 - TemplateLoader.findTemplateSource("v3html/v3-html-head.ftl"): Found
2023-10-17 10:46:58 DEBUG cache:45 - Loading template for "v3html/v3-html-head.ftl"("en", UTF-8, parsed) from "jar:file:/C:/Users/sreek/.m2/repository/com/aventstack/extentreports/4.0.9/extentreports-4.0.9.jar!/com/aventstack/extentreports/view/v3html/v3-html-head.ftl"
2023-10-17 10:46:58 DEBUG cache:45 - Couldn't find template in cache for "v3html/v3-html-nav.ftl"("en", UTF-8, parsed); will try to load it.
2023-10-17 10:46:58 DEBUG cache:45 - TemplateLoader.findTemplateSource("v3html/v3-html-nav_en.ftl"): Not found
2023-10-17 10:46:58 DEBUG cache:45 - TemplateLoader.findTemplateSource("v3html/v3-html-nav.ftl"): Found
2023-10-17 10:46:58 DEBUG cache:45 - Loading template for "v3html/v3-html-nav.ftl"("en", UTF-8, parsed) from "jar:file:/C:/Users/sreek/.m2/repository/com/aventstack/extentreports/4.0.9/extentreports-4.0.9.jar!/com/aventstack/extentreports/view/v3html/v3-html-nav.ftl"
2023-10-17 10:46:58 DEBUG cache:45 - Couldn't find template in cache for "v3html/test-view/v3-html-test-view.ftl"("en", UTF-8, parsed); will try to load it.
2023-10-17 10:46:58 DEBUG cache:45 - TemplateLoader.findTemplateSource("v3html/test-view/v3-html-test-view_en.ftl"): Not found
2023-10-17 10:46:58 DEBUG cache:45 - TemplateLoader.findTemplateSource("v3html/test-view/v3-html-test-view.ftl"): Found
2023-10-17 10:46:58 DEBUG cache:45 - Loading template for "v3html/test-view/v3-html-test-view.ftl"("en", UTF-8, parsed) from "jar:file:/C:/Users/sreek/.m2/repository/com/aventstack/extentreports/4.0.9/extentreports-4.0.9.jar!/com/aventstack/extentreports/view/v3html/test-view/v3-html-test-view.ftl"
2023-10-17 10:46:58 DEBUG cache:45 - Couldn't find template in cache for "v3html/test-view/v3-html-test-view-charts.ftl"("en", UTF-8, parsed); will try to load it.
2023-10-17 10:46:58 DEBUG cache:45 - TemplateLoader.findTemplateSource("v3html/test-view/v3-html-test-view-charts_en.ftl"): Not found
2023-10-17 10:46:58 DEBUG cache:45 - TemplateLoader.findTemplateSource("v3html/test-view/v3-html-test-view-charts.ftl"): Found
2023-10-17 10:46:58 DEBUG cache:45 - Loading template for "v3html/test-view/v3-html-test-view-charts.ftl"("en", UTF-8, parsed) from "jar:file:/C:/Users/sreek/.m2/repository/com/aventstack/extentreports/4.0.9/extentreports-4.0.9.jar!/com/aventstack/extentreports/view/v3html/test-view/v3-html-test-view-charts.ftl"
2023-10-17 10:46:58 DEBUG cache:45 - Couldn't find template in cache for "v3html/test-view/v3-html-standard.ftl"("en", UTF-8, parsed); will try to load it.
2023-10-17 10:46:58 DEBUG cache:45 - TemplateLoader.findTemplateSource("v3html/test-view/v3-html-standard_en.ftl"): Not found
2023-10-17 10:46:58 DEBUG cache:45 - TemplateLoader.findTemplateSource("v3html/test-view/v3-html-standard.ftl"): Found
2023-10-17 10:46:58 DEBUG cache:45 - Loading template for "v3html/test-view/v3-html-standard.ftl"("en", UTF-8, parsed) from "jar:file:/C:/Users/sreek/.m2/repository/com/aventstack/extentreports/4.0.9/extentreports-4.0.9.jar!/com/aventstack/extentreports/view/v3html/test-view/v3-html-standard.ftl"
2023-10-17 10:46:58 DEBUG cache:45 - "v3html/test-view/v3-html-standard.ftl"("en", UTF-8, parsed) cached copy not yet stale; using cached.
2023-10-17 10:46:58 DEBUG cache:45 - Couldn't find template in cache for "v3html/category-view/v3-html-category-view.ftl"("en", UTF-8, parsed); will try to load it.
2023-10-17 10:46:58 DEBUG cache:45 - TemplateLoader.findTemplateSource("v3html/category-view/v3-html-category-view_en.ftl"): Not found
2023-10-17 10:46:58 DEBUG cache:45 - TemplateLoader.findTemplateSource("v3html/category-view/v3-html-category-view.ftl"): Found
2023-10-17 10:46:58 DEBUG cache:45 - Loading template for "v3html/category-view/v3-html-category-view.ftl"("en", UTF-8, parsed) from "jar:file:/C:/Users/sreek/.m2/repository/com/aventstack/extentreports/4.0.9/extentreports-4.0.9.jar!/com/aventstack/extentreports/view/v3html/category-view/v3-html-category-view.ftl"
2023-10-17 10:46:58 DEBUG cache:45 - Couldn't find template in cache for "v3html/exception-view/v3-html-exception-view.ftl"("en", UTF-8, parsed); will try to load it.
2023-10-17 10:46:58 DEBUG cache:45 - TemplateLoader.findTemplateSource("v3html/exception-view/v3-html-exception-view_en.ftl"): Not found
2023-10-17 10:46:58 DEBUG cache:45 - TemplateLoader.findTemplateSource("v3html/exception-view/v3-html-exception-view.ftl"): Found
2023-10-17 10:46:58 DEBUG cache:45 - Loading template for "v3html/exception-view/v3-html-exception-view.ftl"("en", UTF-8, parsed) from "jar:file:/C:/Users/sreek/.m2/repository/com/aventstack/extentreports/4.0.9/extentreports-4.0.9.jar!/com/aventstack/extentreports/view/v3html/exception-view/v3-html-exception-view.ftl"
2023-10-17 10:46:58 DEBUG cache:45 - Couldn't find template in cache for "v3html/author-view/v3-html-author-view.ftl"("en", UTF-8, parsed); will try to load it.
2023-10-17 10:46:58 DEBUG cache:45 - TemplateLoader.findTemplateSource("v3html/author-view/v3-html-author-view_en.ftl"): Not found
2023-10-17 10:46:58 DEBUG cache:45 - TemplateLoader.findTemplateSource("v3html/author-view/v3-html-author-view.ftl"): Found
2023-10-17 10:46:58 DEBUG cache:45 - Loading template for "v3html/author-view/v3-html-author-view.ftl"("en", UTF-8, parsed) from "jar:file:/C:/Users/sreek/.m2/repository/com/aventstack/extentreports/4.0.9/extentreports-4.0.9.jar!/com/aventstack/extentreports/view/v3html/author-view/v3-html-author-view.ftl"
2023-10-17 10:46:58 DEBUG cache:45 - Couldn't find template in cache for "v3html/dashboard-view/v3-html-dashboard-view.ftl"("en", UTF-8, parsed); will try to load it.
2023-10-17 10:46:58 DEBUG cache:45 - TemplateLoader.findTemplateSource("v3html/dashboard-view/v3-html-dashboard-view_en.ftl"): Not found
2023-10-17 10:46:58 DEBUG cache:45 - TemplateLoader.findTemplateSource("v3html/dashboard-view/v3-html-dashboard-view.ftl"): Found
2023-10-17 10:46:58 DEBUG cache:45 - Loading template for "v3html/dashboard-view/v3-html-dashboard-view.ftl"("en", UTF-8, parsed) from "jar:file:/C:/Users/sreek/.m2/repository/com/aventstack/extentreports/4.0.9/extentreports-4.0.9.jar!/com/aventstack/extentreports/view/v3html/dashboard-view/v3-html-dashboard-view.ftl"
2023-10-17 10:46:58 DEBUG cache:45 - Couldn't find template in cache for "v3html/logs-view/v3-html-testrunner-logs-view.ftl"("en", UTF-8, parsed); will try to load it.
2023-10-17 10:46:58 DEBUG cache:45 - TemplateLoader.findTemplateSource("v3html/logs-view/v3-html-testrunner-logs-view_en.ftl"): Not found
2023-10-17 10:46:58 DEBUG cache:45 - TemplateLoader.findTemplateSource("v3html/logs-view/v3-html-testrunner-logs-view.ftl"): Found
2023-10-17 10:46:58 DEBUG cache:45 - Loading template for "v3html/logs-view/v3-html-testrunner-logs-view.ftl"("en", UTF-8, parsed) from "jar:file:/C:/Users/sreek/.m2/repository/com/aventstack/extentreports/4.0.9/extentreports-4.0.9.jar!/com/aventstack/extentreports/view/v3html/logs-view/v3-html-testrunner-logs-view.ftl"
2023-10-17 10:52:10 INFO  Log:9 - =====================================VerifySignIn TEST START=========================================
2023-10-17 10:52:10 INFO  Log:20 - Verify SignIn button is displayed
2023-10-17 10:52:10 INFO  Log:20 - SignIn button is displayed
2023-10-17 10:52:10 INFO  Log:13 - =====================================VerifySignIn TEST END=========================================
2023-10-17 10:52:12 INFO  Log:9 - =====================================verifyTitle TEST START=========================================
2023-10-17 10:52:16 INFO  Log:9 - =====================================loginTest TEST START=========================================
2023-10-17 10:52:19 INFO  Log:20 - user is going to click on SignIn
2023-10-17 10:52:20 INFO  Log:20 - Enter Username and Password
2023-10-17 10:52:24 INFO  Log:20 - Login is Sucess
2023-10-17 10:52:24 INFO  Log:13 - =====================================loginTest TEST END=========================================
2023-10-17 10:52:24 DEBUG cache:45 - Couldn't find template in cache for "v3html/v3-html-index.ftl"("en", UTF-8, parsed); will try to load it.
2023-10-17 10:52:24 DEBUG cache:45 - TemplateLoader.findTemplateSource("v3html/v3-html-index_en.ftl"): Not found
2023-10-17 10:52:24 DEBUG cache:45 - TemplateLoader.findTemplateSource("v3html/v3-html-index.ftl"): Found
2023-10-17 10:52:24 DEBUG cache:45 - Loading template for "v3html/v3-html-index.ftl"("en", UTF-8, parsed) from "jar:file:/C:/Users/sreek/.m2/repository/com/aventstack/extentreports/4.0.9/extentreports-4.0.9.jar!/com/aventstack/extentreports/view/v3html/v3-html-index.ftl"
2023-10-17 10:52:24 DEBUG cache:45 - Couldn't find template in cache for "v3html/v3-html-head.ftl"("en", UTF-8, parsed); will try to load it.
2023-10-17 10:52:24 DEBUG cache:45 - TemplateLoader.findTemplateSource("v3html/v3-html-head_en.ftl"): Not found
2023-10-17 10:52:24 DEBUG cache:45 - TemplateLoader.findTemplateSource("v3html/v3-html-head.ftl"): Found
2023-10-17 10:52:24 DEBUG cache:45 - Loading template for "v3html/v3-html-head.ftl"("en", UTF-8, parsed) from "jar:file:/C:/Users/sreek/.m2/repository/com/aventstack/extentreports/4.0.9/extentreports-4.0.9.jar!/com/aventstack/extentreports/view/v3html/v3-html-head.ftl"
2023-10-17 10:52:24 DEBUG cache:45 - Couldn't find template in cache for "v3html/v3-html-nav.ftl"("en", UTF-8, parsed); will try to load it.
2023-10-17 10:52:24 DEBUG cache:45 - TemplateLoader.findTemplateSource("v3html/v3-html-nav_en.ftl"): Not found
2023-10-17 10:52:24 DEBUG cache:45 - TemplateLoader.findTemplateSource("v3html/v3-html-nav.ftl"): Found
2023-10-17 10:52:24 DEBUG cache:45 - Loading template for "v3html/v3-html-nav.ftl"("en", UTF-8, parsed) from "jar:file:/C:/Users/sreek/.m2/repository/com/aventstack/extentreports/4.0.9/extentreports-4.0.9.jar!/com/aventstack/extentreports/view/v3html/v3-html-nav.ftl"
2023-10-17 10:52:24 DEBUG cache:45 - Couldn't find template in cache for "v3html/test-view/v3-html-test-view.ftl"("en", UTF-8, parsed); will try to load it.
2023-10-17 10:52:24 DEBUG cache:45 - TemplateLoader.findTemplateSource("v3html/test-view/v3-html-test-view_en.ftl"): Not found
2023-10-17 10:52:24 DEBUG cache:45 - TemplateLoader.findTemplateSource("v3html/test-view/v3-html-test-view.ftl"): Found
2023-10-17 10:52:24 DEBUG cache:45 - Loading template for "v3html/test-view/v3-html-test-view.ftl"("en", UTF-8, parsed) from "jar:file:/C:/Users/sreek/.m2/repository/com/aventstack/extentreports/4.0.9/extentreports-4.0.9.jar!/com/aventstack/extentreports/view/v3html/test-view/v3-html-test-view.ftl"
2023-10-17 10:52:24 DEBUG cache:45 - Couldn't find template in cache for "v3html/test-view/v3-html-test-view-charts.ftl"("en", UTF-8, parsed); will try to load it.
2023-10-17 10:52:24 DEBUG cache:45 - TemplateLoader.findTemplateSource("v3html/test-view/v3-html-test-view-charts_en.ftl"): Not found
2023-10-17 10:52:24 DEBUG cache:45 - TemplateLoader.findTemplateSource("v3html/test-view/v3-html-test-view-charts.ftl"): Found
2023-10-17 10:52:24 DEBUG cache:45 - Loading template for "v3html/test-view/v3-html-test-view-charts.ftl"("en", UTF-8, parsed) from "jar:file:/C:/Users/sreek/.m2/repository/com/aventstack/extentreports/4.0.9/extentreports-4.0.9.jar!/com/aventstack/extentreports/view/v3html/test-view/v3-html-test-view-charts.ftl"
2023-10-17 10:52:24 DEBUG cache:45 - Couldn't find template in cache for "v3html/test-view/v3-html-standard.ftl"("en", UTF-8, parsed); will try to load it.
2023-10-17 10:52:24 DEBUG cache:45 - TemplateLoader.findTemplateSource("v3html/test-view/v3-html-standard_en.ftl"): Not found
2023-10-17 10:52:24 DEBUG cache:45 - TemplateLoader.findTemplateSource("v3html/test-view/v3-html-standard.ftl"): Found
2023-10-17 10:52:24 DEBUG cache:45 - Loading template for "v3html/test-view/v3-html-standard.ftl"("en", UTF-8, parsed) from "jar:file:/C:/Users/sreek/.m2/repository/com/aventstack/extentreports/4.0.9/extentreports-4.0.9.jar!/com/aventstack/extentreports/view/v3html/test-view/v3-html-standard.ftl"
2023-10-17 10:52:24 DEBUG cache:45 - "v3html/test-view/v3-html-standard.ftl"("en", UTF-8, parsed) cached copy not yet stale; using cached.
2023-10-17 10:52:24 DEBUG cache:45 - "v3html/test-view/v3-html-standard.ftl"("en", UTF-8, parsed) cached copy not yet stale; using cached.
2023-10-17 10:52:24 DEBUG cache:45 - Couldn't find template in cache for "v3html/category-view/v3-html-category-view.ftl"("en", UTF-8, parsed); will try to load it.
2023-10-17 10:52:24 DEBUG cache:45 - TemplateLoader.findTemplateSource("v3html/category-view/v3-html-category-view_en.ftl"): Not found
2023-10-17 10:52:24 DEBUG cache:45 - TemplateLoader.findTemplateSource("v3html/category-view/v3-html-category-view.ftl"): Found
2023-10-17 10:52:24 DEBUG cache:45 - Loading template for "v3html/category-view/v3-html-category-view.ftl"("en", UTF-8, parsed) from "jar:file:/C:/Users/sreek/.m2/repository/com/aventstack/extentreports/4.0.9/extentreports-4.0.9.jar!/com/aventstack/extentreports/view/v3html/category-view/v3-html-category-view.ftl"
2023-10-17 10:52:24 DEBUG cache:45 - Couldn't find template in cache for "v3html/exception-view/v3-html-exception-view.ftl"("en", UTF-8, parsed); will try to load it.
2023-10-17 10:52:24 DEBUG cache:45 - TemplateLoader.findTemplateSource("v3html/exception-view/v3-html-exception-view_en.ftl"): Not found
2023-10-17 10:52:24 DEBUG cache:45 - TemplateLoader.findTemplateSource("v3html/exception-view/v3-html-exception-view.ftl"): Found
2023-10-17 10:52:24 DEBUG cache:45 - Loading template for "v3html/exception-view/v3-html-exception-view.ftl"("en", UTF-8, parsed) from "jar:file:/C:/Users/sreek/.m2/repository/com/aventstack/extentreports/4.0.9/extentreports-4.0.9.jar!/com/aventstack/extentreports/view/v3html/exception-view/v3-html-exception-view.ftl"
2023-10-17 10:52:24 DEBUG cache:45 - Couldn't find template in cache for "v3html/author-view/v3-html-author-view.ftl"("en", UTF-8, parsed); will try to load it.
2023-10-17 10:52:24 DEBUG cache:45 - TemplateLoader.findTemplateSource("v3html/author-view/v3-html-author-view_en.ftl"): Not found
2023-10-17 10:52:24 DEBUG cache:45 - TemplateLoader.findTemplateSource("v3html/author-view/v3-html-author-view.ftl"): Found
2023-10-17 10:52:24 DEBUG cache:45 - Loading template for "v3html/author-view/v3-html-author-view.ftl"("en", UTF-8, parsed) from "jar:file:/C:/Users/sreek/.m2/repository/com/aventstack/extentreports/4.0.9/extentreports-4.0.9.jar!/com/aventstack/extentreports/view/v3html/author-view/v3-html-author-view.ftl"
2023-10-17 10:52:24 DEBUG cache:45 - Couldn't find template in cache for "v3html/dashboard-view/v3-html-dashboard-view.ftl"("en", UTF-8, parsed); will try to load it.
2023-10-17 10:52:24 DEBUG cache:45 - TemplateLoader.findTemplateSource("v3html/dashboard-view/v3-html-dashboard-view_en.ftl"): Not found
2023-10-17 10:52:24 DEBUG cache:45 - TemplateLoader.findTemplateSource("v3html/dashboard-view/v3-html-dashboard-view.ftl"): Found
2023-10-17 10:52:24 DEBUG cache:45 - Loading template for "v3html/dashboard-view/v3-html-dashboard-view.ftl"("en", UTF-8, parsed) from "jar:file:/C:/Users/sreek/.m2/repository/com/aventstack/extentreports/4.0.9/extentreports-4.0.9.jar!/com/aventstack/extentreports/view/v3html/dashboard-view/v3-html-dashboard-view.ftl"
2023-10-17 10:52:24 DEBUG cache:45 - Couldn't find template in cache for "v3html/logs-view/v3-html-testrunner-logs-view.ftl"("en", UTF-8, parsed); will try to load it.
2023-10-17 10:52:24 DEBUG cache:45 - TemplateLoader.findTemplateSource("v3html/logs-view/v3-html-testrunner-logs-view_en.ftl"): Not found
2023-10-17 10:52:24 DEBUG cache:45 - TemplateLoader.findTemplateSource("v3html/logs-view/v3-html-testrunner-logs-view.ftl"): Found
2023-10-17 10:52:24 DEBUG cache:45 - Loading template for "v3html/logs-view/v3-html-testrunner-logs-view.ftl"("en", UTF-8, parsed) from "jar:file:/C:/Users/sreek/.m2/repository/com/aventstack/extentreports/4.0.9/extentreports-4.0.9.jar!/com/aventstack/extentreports/view/v3html/logs-view/v3-html-testrunner-logs-view.ftl"
2023-10-17 11:00:48 INFO  Log:9 - =====================================VerifySignIn TEST START=========================================
2023-10-17 11:00:48 INFO  Log:20 - Verify SignIn button is displayed
2023-10-17 11:00:48 INFO  Log:20 - SignIn button is displayed
2023-10-17 11:00:48 INFO  Log:13 - =====================================VerifySignIn TEST END=========================================
2023-10-17 11:00:50 INFO  Log:9 - =====================================verifyTitle TEST START=========================================
2023-10-17 11:00:53 INFO  Log:9 - =====================================loginTest TEST START=========================================
2023-10-17 11:00:56 INFO  Log:20 - user is going to click on SignIn
2023-10-17 11:00:57 INFO  Log:20 - Enter Username and Password
2023-10-17 11:01:03 INFO  Log:20 - Login is Sucess
2023-10-17 11:01:03 INFO  Log:13 - =====================================loginTest TEST END=========================================
2023-10-17 11:01:03 DEBUG cache:45 - Couldn't find template in cache for "v3html/v3-html-index.ftl"("en", UTF-8, parsed); will try to load it.
2023-10-17 11:01:03 DEBUG cache:45 - TemplateLoader.findTemplateSource("v3html/v3-html-index_en.ftl"): Not found
2023-10-17 11:01:03 DEBUG cache:45 - TemplateLoader.findTemplateSource("v3html/v3-html-index.ftl"): Found
2023-10-17 11:01:03 DEBUG cache:45 - Loading template for "v3html/v3-html-index.ftl"("en", UTF-8, parsed) from "jar:file:/C:/Users/sreek/.m2/repository/com/aventstack/extentreports/4.0.9/extentreports-4.0.9.jar!/com/aventstack/extentreports/view/v3html/v3-html-index.ftl"
2023-10-17 11:01:03 DEBUG cache:45 - Couldn't find template in cache for "v3html/v3-html-head.ftl"("en", UTF-8, parsed); will try to load it.
2023-10-17 11:01:03 DEBUG cache:45 - TemplateLoader.findTemplateSource("v3html/v3-html-head_en.ftl"): Not found
2023-10-17 11:01:03 DEBUG cache:45 - TemplateLoader.findTemplateSource("v3html/v3-html-head.ftl"): Found
2023-10-17 11:01:03 DEBUG cache:45 - Loading template for "v3html/v3-html-head.ftl"("en", UTF-8, parsed) from "jar:file:/C:/Users/sreek/.m2/repository/com/aventstack/extentreports/4.0.9/extentreports-4.0.9.jar!/com/aventstack/extentreports/view/v3html/v3-html-head.ftl"
2023-10-17 11:01:03 DEBUG cache:45 - Couldn't find template in cache for "v3html/v3-html-nav.ftl"("en", UTF-8, parsed); will try to load it.
2023-10-17 11:01:03 DEBUG cache:45 - TemplateLoader.findTemplateSource("v3html/v3-html-nav_en.ftl"): Not found
2023-10-17 11:01:03 DEBUG cache:45 - TemplateLoader.findTemplateSource("v3html/v3-html-nav.ftl"): Found
2023-10-17 11:01:03 DEBUG cache:45 - Loading template for "v3html/v3-html-nav.ftl"("en", UTF-8, parsed) from "jar:file:/C:/Users/sreek/.m2/repository/com/aventstack/extentreports/4.0.9/extentreports-4.0.9.jar!/com/aventstack/extentreports/view/v3html/v3-html-nav.ftl"
2023-10-17 11:01:03 DEBUG cache:45 - Couldn't find template in cache for "v3html/test-view/v3-html-test-view.ftl"("en", UTF-8, parsed); will try to load it.
2023-10-17 11:01:03 DEBUG cache:45 - TemplateLoader.findTemplateSource("v3html/test-view/v3-html-test-view_en.ftl"): Not found
2023-10-17 11:01:03 DEBUG cache:45 - TemplateLoader.findTemplateSource("v3html/test-view/v3-html-test-view.ftl"): Found
2023-10-17 11:01:03 DEBUG cache:45 - Loading template for "v3html/test-view/v3-html-test-view.ftl"("en", UTF-8, parsed) from "jar:file:/C:/Users/sreek/.m2/repository/com/aventstack/extentreports/4.0.9/extentreports-4.0.9.jar!/com/aventstack/extentreports/view/v3html/test-view/v3-html-test-view.ftl"
2023-10-17 11:01:03 DEBUG cache:45 - Couldn't find template in cache for "v3html/test-view/v3-html-test-view-charts.ftl"("en", UTF-8, parsed); will try to load it.
2023-10-17 11:01:03 DEBUG cache:45 - TemplateLoader.findTemplateSource("v3html/test-view/v3-html-test-view-charts_en.ftl"): Not found
2023-10-17 11:01:03 DEBUG cache:45 - TemplateLoader.findTemplateSource("v3html/test-view/v3-html-test-view-charts.ftl"): Found
2023-10-17 11:01:03 DEBUG cache:45 - Loading template for "v3html/test-view/v3-html-test-view-charts.ftl"("en", UTF-8, parsed) from "jar:file:/C:/Users/sreek/.m2/repository/com/aventstack/extentreports/4.0.9/extentreports-4.0.9.jar!/com/aventstack/extentreports/view/v3html/test-view/v3-html-test-view-charts.ftl"
2023-10-17 11:01:03 DEBUG cache:45 - Couldn't find template in cache for "v3html/test-view/v3-html-standard.ftl"("en", UTF-8, parsed); will try to load it.
2023-10-17 11:01:03 DEBUG cache:45 - TemplateLoader.findTemplateSource("v3html/test-view/v3-html-standard_en.ftl"): Not found
2023-10-17 11:01:03 DEBUG cache:45 - TemplateLoader.findTemplateSource("v3html/test-view/v3-html-standard.ftl"): Found
2023-10-17 11:01:03 DEBUG cache:45 - Loading template for "v3html/test-view/v3-html-standard.ftl"("en", UTF-8, parsed) from "jar:file:/C:/Users/sreek/.m2/repository/com/aventstack/extentreports/4.0.9/extentreports-4.0.9.jar!/com/aventstack/extentreports/view/v3html/test-view/v3-html-standard.ftl"
2023-10-17 11:01:03 DEBUG cache:45 - "v3html/test-view/v3-html-standard.ftl"("en", UTF-8, parsed) cached copy not yet stale; using cached.
2023-10-17 11:01:03 DEBUG cache:45 - "v3html/test-view/v3-html-standard.ftl"("en", UTF-8, parsed) cached copy not yet stale; using cached.
2023-10-17 11:01:03 DEBUG cache:45 - Couldn't find template in cache for "v3html/category-view/v3-html-category-view.ftl"("en", UTF-8, parsed); will try to load it.
2023-10-17 11:01:03 DEBUG cache:45 - TemplateLoader.findTemplateSource("v3html/category-view/v3-html-category-view_en.ftl"): Not found
2023-10-17 11:01:03 DEBUG cache:45 - TemplateLoader.findTemplateSource("v3html/category-view/v3-html-category-view.ftl"): Found
2023-10-17 11:01:03 DEBUG cache:45 - Loading template for "v3html/category-view/v3-html-category-view.ftl"("en", UTF-8, parsed) from "jar:file:/C:/Users/sreek/.m2/repository/com/aventstack/extentreports/4.0.9/extentreports-4.0.9.jar!/com/aventstack/extentreports/view/v3html/category-view/v3-html-category-view.ftl"
2023-10-17 11:01:03 DEBUG cache:45 - Couldn't find template in cache for "v3html/exception-view/v3-html-exception-view.ftl"("en", UTF-8, parsed); will try to load it.
2023-10-17 11:01:03 DEBUG cache:45 - TemplateLoader.findTemplateSource("v3html/exception-view/v3-html-exception-view_en.ftl"): Not found
2023-10-17 11:01:03 DEBUG cache:45 - TemplateLoader.findTemplateSource("v3html/exception-view/v3-html-exception-view.ftl"): Found
2023-10-17 11:01:03 DEBUG cache:45 - Loading template for "v3html/exception-view/v3-html-exception-view.ftl"("en", UTF-8, parsed) from "jar:file:/C:/Users/sreek/.m2/repository/com/aventstack/extentreports/4.0.9/extentreports-4.0.9.jar!/com/aventstack/extentreports/view/v3html/exception-view/v3-html-exception-view.ftl"
2023-10-17 11:01:03 DEBUG cache:45 - Couldn't find template in cache for "v3html/author-view/v3-html-author-view.ftl"("en", UTF-8, parsed); will try to load it.
2023-10-17 11:01:03 DEBUG cache:45 - TemplateLoader.findTemplateSource("v3html/author-view/v3-html-author-view_en.ftl"): Not found
2023-10-17 11:01:03 DEBUG cache:45 - TemplateLoader.findTemplateSource("v3html/author-view/v3-html-author-view.ftl"): Found
2023-10-17 11:01:03 DEBUG cache:45 - Loading template for "v3html/author-view/v3-html-author-view.ftl"("en", UTF-8, parsed) from "jar:file:/C:/Users/sreek/.m2/repository/com/aventstack/extentreports/4.0.9/extentreports-4.0.9.jar!/com/aventstack/extentreports/view/v3html/author-view/v3-html-author-view.ftl"
2023-10-17 11:01:03 DEBUG cache:45 - Couldn't find template in cache for "v3html/dashboard-view/v3-html-dashboard-view.ftl"("en", UTF-8, parsed); will try to load it.
2023-10-17 11:01:03 DEBUG cache:45 - TemplateLoader.findTemplateSource("v3html/dashboard-view/v3-html-dashboard-view_en.ftl"): Not found
2023-10-17 11:01:03 DEBUG cache:45 - TemplateLoader.findTemplateSource("v3html/dashboard-view/v3-html-dashboard-view.ftl"): Found
2023-10-17 11:01:03 DEBUG cache:45 - Loading template for "v3html/dashboard-view/v3-html-dashboard-view.ftl"("en", UTF-8, parsed) from "jar:file:/C:/Users/sreek/.m2/repository/com/aventstack/extentreports/4.0.9/extentreports-4.0.9.jar!/com/aventstack/extentreports/view/v3html/dashboard-view/v3-html-dashboard-view.ftl"
2023-10-17 11:01:03 DEBUG cache:45 - Couldn't find template in cache for "v3html/logs-view/v3-html-testrunner-logs-view.ftl"("en", UTF-8, parsed); will try to load it.
2023-10-17 11:01:03 DEBUG cache:45 - TemplateLoader.findTemplateSource("v3html/logs-view/v3-html-testrunner-logs-view_en.ftl"): Not found
2023-10-17 11:01:03 DEBUG cache:45 - TemplateLoader.findTemplateSource("v3html/logs-view/v3-html-testrunner-logs-view.ftl"): Found
2023-10-17 11:01:03 DEBUG cache:45 - Loading template for "v3html/logs-view/v3-html-testrunner-logs-view.ftl"("en", UTF-8, parsed) from "jar:file:/C:/Users/sreek/.m2/repository/com/aventstack/extentreports/4.0.9/extentreports-4.0.9.jar!/com/aventstack/extentreports/view/v3html/logs-view/v3-html-testrunner-logs-view.ftl"
2023-10-17 11:03:55 INFO  Log:9 - =====================================VerifySignIn TEST START=========================================
2023-10-17 11:03:55 INFO  Log:20 - Verify SignIn button is displayed
2023-10-17 11:03:55 INFO  Log:20 - SignIn button is displayed
2023-10-17 11:03:55 INFO  Log:13 - =====================================VerifySignIn TEST END=========================================
2023-10-17 11:03:57 INFO  Log:9 - =====================================verifyTitle TEST START=========================================
2023-10-17 11:04:00 INFO  Log:9 - =====================================loginTest TEST START=========================================
2023-10-17 11:04:03 INFO  Log:20 - user is going to click on SignIn
2023-10-17 11:04:05 INFO  Log:20 - Enter Username and Password
2023-10-17 11:04:09 INFO  Log:20 - Login is Sucess
2023-10-17 11:04:09 INFO  Log:13 - =====================================loginTest TEST END=========================================
2023-10-17 11:04:10 DEBUG cache:45 - Couldn't find template in cache for "v3html/v3-html-index.ftl"("en", UTF-8, parsed); will try to load it.
2023-10-17 11:04:10 DEBUG cache:45 - TemplateLoader.findTemplateSource("v3html/v3-html-index_en.ftl"): Not found
2023-10-17 11:04:10 DEBUG cache:45 - TemplateLoader.findTemplateSource("v3html/v3-html-index.ftl"): Found
2023-10-17 11:04:10 DEBUG cache:45 - Loading template for "v3html/v3-html-index.ftl"("en", UTF-8, parsed) from "jar:file:/C:/Users/sreek/.m2/repository/com/aventstack/extentreports/4.0.9/extentreports-4.0.9.jar!/com/aventstack/extentreports/view/v3html/v3-html-index.ftl"
2023-10-17 11:04:10 DEBUG cache:45 - Couldn't find template in cache for "v3html/v3-html-head.ftl"("en", UTF-8, parsed); will try to load it.
2023-10-17 11:04:10 DEBUG cache:45 - TemplateLoader.findTemplateSource("v3html/v3-html-head_en.ftl"): Not found
2023-10-17 11:04:10 DEBUG cache:45 - TemplateLoader.findTemplateSource("v3html/v3-html-head.ftl"): Found
2023-10-17 11:04:10 DEBUG cache:45 - Loading template for "v3html/v3-html-head.ftl"("en", UTF-8, parsed) from "jar:file:/C:/Users/sreek/.m2/repository/com/aventstack/extentreports/4.0.9/extentreports-4.0.9.jar!/com/aventstack/extentreports/view/v3html/v3-html-head.ftl"
2023-10-17 11:04:10 DEBUG cache:45 - Couldn't find template in cache for "v3html/v3-html-nav.ftl"("en", UTF-8, parsed); will try to load it.
2023-10-17 11:04:10 DEBUG cache:45 - TemplateLoader.findTemplateSource("v3html/v3-html-nav_en.ftl"): Not found
2023-10-17 11:04:10 DEBUG cache:45 - TemplateLoader.findTemplateSource("v3html/v3-html-nav.ftl"): Found
2023-10-17 11:04:10 DEBUG cache:45 - Loading template for "v3html/v3-html-nav.ftl"("en", UTF-8, parsed) from "jar:file:/C:/Users/sreek/.m2/repository/com/aventstack/extentreports/4.0.9/extentreports-4.0.9.jar!/com/aventstack/extentreports/view/v3html/v3-html-nav.ftl"
2023-10-17 11:04:10 DEBUG cache:45 - Couldn't find template in cache for "v3html/test-view/v3-html-test-view.ftl"("en", UTF-8, parsed); will try to load it.
2023-10-17 11:04:10 DEBUG cache:45 - TemplateLoader.findTemplateSource("v3html/test-view/v3-html-test-view_en.ftl"): Not found
2023-10-17 11:04:10 DEBUG cache:45 - TemplateLoader.findTemplateSource("v3html/test-view/v3-html-test-view.ftl"): Found
2023-10-17 11:04:10 DEBUG cache:45 - Loading template for "v3html/test-view/v3-html-test-view.ftl"("en", UTF-8, parsed) from "jar:file:/C:/Users/sreek/.m2/repository/com/aventstack/extentreports/4.0.9/extentreports-4.0.9.jar!/com/aventstack/extentreports/view/v3html/test-view/v3-html-test-view.ftl"
2023-10-17 11:04:10 DEBUG cache:45 - Couldn't find template in cache for "v3html/test-view/v3-html-test-view-charts.ftl"("en", UTF-8, parsed); will try to load it.
2023-10-17 11:04:10 DEBUG cache:45 - TemplateLoader.findTemplateSource("v3html/test-view/v3-html-test-view-charts_en.ftl"): Not found
2023-10-17 11:04:10 DEBUG cache:45 - TemplateLoader.findTemplateSource("v3html/test-view/v3-html-test-view-charts.ftl"): Found
2023-10-17 11:04:10 DEBUG cache:45 - Loading template for "v3html/test-view/v3-html-test-view-charts.ftl"("en", UTF-8, parsed) from "jar:file:/C:/Users/sreek/.m2/repository/com/aventstack/extentreports/4.0.9/extentreports-4.0.9.jar!/com/aventstack/extentreports/view/v3html/test-view/v3-html-test-view-charts.ftl"
2023-10-17 11:04:10 DEBUG cache:45 - Couldn't find template in cache for "v3html/test-view/v3-html-standard.ftl"("en", UTF-8, parsed); will try to load it.
2023-10-17 11:04:10 DEBUG cache:45 - TemplateLoader.findTemplateSource("v3html/test-view/v3-html-standard_en.ftl"): Not found
2023-10-17 11:04:10 DEBUG cache:45 - TemplateLoader.findTemplateSource("v3html/test-view/v3-html-standard.ftl"): Found
2023-10-17 11:04:10 DEBUG cache:45 - Loading template for "v3html/test-view/v3-html-standard.ftl"("en", UTF-8, parsed) from "jar:file:/C:/Users/sreek/.m2/repository/com/aventstack/extentreports/4.0.9/extentreports-4.0.9.jar!/com/aventstack/extentreports/view/v3html/test-view/v3-html-standard.ftl"
2023-10-17 11:04:10 DEBUG cache:45 - "v3html/test-view/v3-html-standard.ftl"("en", UTF-8, parsed) cached copy not yet stale; using cached.
2023-10-17 11:04:10 DEBUG cache:45 - "v3html/test-view/v3-html-standard.ftl"("en", UTF-8, parsed) cached copy not yet stale; using cached.
2023-10-17 11:04:10 DEBUG cache:45 - Couldn't find template in cache for "v3html/category-view/v3-html-category-view.ftl"("en", UTF-8, parsed); will try to load it.
2023-10-17 11:04:10 DEBUG cache:45 - TemplateLoader.findTemplateSource("v3html/category-view/v3-html-category-view_en.ftl"): Not found
2023-10-17 11:04:10 DEBUG cache:45 - TemplateLoader.findTemplateSource("v3html/category-view/v3-html-category-view.ftl"): Found
2023-10-17 11:04:10 DEBUG cache:45 - Loading template for "v3html/category-view/v3-html-category-view.ftl"("en", UTF-8, parsed) from "jar:file:/C:/Users/sreek/.m2/repository/com/aventstack/extentreports/4.0.9/extentreports-4.0.9.jar!/com/aventstack/extentreports/view/v3html/category-view/v3-html-category-view.ftl"
2023-10-17 11:04:10 DEBUG cache:45 - Couldn't find template in cache for "v3html/exception-view/v3-html-exception-view.ftl"("en", UTF-8, parsed); will try to load it.
2023-10-17 11:04:10 DEBUG cache:45 - TemplateLoader.findTemplateSource("v3html/exception-view/v3-html-exception-view_en.ftl"): Not found
2023-10-17 11:04:10 DEBUG cache:45 - TemplateLoader.findTemplateSource("v3html/exception-view/v3-html-exception-view.ftl"): Found
2023-10-17 11:04:10 DEBUG cache:45 - Loading template for "v3html/exception-view/v3-html-exception-view.ftl"("en", UTF-8, parsed) from "jar:file:/C:/Users/sreek/.m2/repository/com/aventstack/extentreports/4.0.9/extentreports-4.0.9.jar!/com/aventstack/extentreports/view/v3html/exception-view/v3-html-exception-view.ftl"
2023-10-17 11:04:10 DEBUG cache:45 - Couldn't find template in cache for "v3html/author-view/v3-html-author-view.ftl"("en", UTF-8, parsed); will try to load it.
2023-10-17 11:04:10 DEBUG cache:45 - TemplateLoader.findTemplateSource("v3html/author-view/v3-html-author-view_en.ftl"): Not found
2023-10-17 11:04:10 DEBUG cache:45 - TemplateLoader.findTemplateSource("v3html/author-view/v3-html-author-view.ftl"): Found
2023-10-17 11:04:10 DEBUG cache:45 - Loading template for "v3html/author-view/v3-html-author-view.ftl"("en", UTF-8, parsed) from "jar:file:/C:/Users/sreek/.m2/repository/com/aventstack/extentreports/4.0.9/extentreports-4.0.9.jar!/com/aventstack/extentreports/view/v3html/author-view/v3-html-author-view.ftl"
2023-10-17 11:04:10 DEBUG cache:45 - Couldn't find template in cache for "v3html/dashboard-view/v3-html-dashboard-view.ftl"("en", UTF-8, parsed); will try to load it.
2023-10-17 11:04:10 DEBUG cache:45 - TemplateLoader.findTemplateSource("v3html/dashboard-view/v3-html-dashboard-view_en.ftl"): Not found
2023-10-17 11:04:10 DEBUG cache:45 - TemplateLoader.findTemplateSource("v3html/dashboard-view/v3-html-dashboard-view.ftl"): Found
2023-10-17 11:04:10 DEBUG cache:45 - Loading template for "v3html/dashboard-view/v3-html-dashboard-view.ftl"("en", UTF-8, parsed) from "jar:file:/C:/Users/sreek/.m2/repository/com/aventstack/extentreports/4.0.9/extentreports-4.0.9.jar!/com/aventstack/extentreports/view/v3html/dashboard-view/v3-html-dashboard-view.ftl"
2023-10-17 11:04:10 DEBUG cache:45 - Couldn't find template in cache for "v3html/logs-view/v3-html-testrunner-logs-view.ftl"("en", UTF-8, parsed); will try to load it.
2023-10-17 11:04:10 DEBUG cache:45 - TemplateLoader.findTemplateSource("v3html/logs-view/v3-html-testrunner-logs-view_en.ftl"): Not found
2023-10-17 11:04:10 DEBUG cache:45 - TemplateLoader.findTemplateSource("v3html/logs-view/v3-html-testrunner-logs-view.ftl"): Found
2023-10-17 11:04:10 DEBUG cache:45 - Loading template for "v3html/logs-view/v3-html-testrunner-logs-view.ftl"("en", UTF-8, parsed) from "jar:file:/C:/Users/sreek/.m2/repository/com/aventstack/extentreports/4.0.9/extentreports-4.0.9.jar!/com/aventstack/extentreports/view/v3html/logs-view/v3-html-testrunner-logs-view.ftl"
2023-10-17 18:37:26 INFO  Log:9 - =====================================VerifySignIn TEST START=========================================
2023-10-17 18:37:26 INFO  Log:20 - Verify SignIn button is displayed
2023-10-17 18:37:26 INFO  Log:20 - SignIn button is displayed
2023-10-17 18:37:26 INFO  Log:13 - =====================================VerifySignIn TEST END=========================================
2023-10-17 18:37:29 INFO  Log:9 - =====================================verifyTitle TEST START=========================================
2023-10-17 18:37:32 INFO  Log:9 - =====================================loginTest TEST START=========================================
2023-10-17 18:37:35 INFO  Log:20 - user is going to click on SignIn
2023-10-17 18:37:36 INFO  Log:20 - Enter Username and Password
2023-10-17 18:37:39 INFO  Log:20 - Login is Sucess
2023-10-17 18:37:39 INFO  Log:13 - =====================================loginTest TEST END=========================================
2023-10-17 18:37:40 DEBUG cache:45 - Couldn't find template in cache for "v3html/v3-html-index.ftl"("en", UTF-8, parsed); will try to load it.
2023-10-17 18:37:40 DEBUG cache:45 - TemplateLoader.findTemplateSource("v3html/v3-html-index_en.ftl"): Not found
2023-10-17 18:37:40 DEBUG cache:45 - TemplateLoader.findTemplateSource("v3html/v3-html-index.ftl"): Found
2023-10-17 18:37:40 DEBUG cache:45 - Loading template for "v3html/v3-html-index.ftl"("en", UTF-8, parsed) from "jar:file:/C:/Users/sreek/.m2/repository/com/aventstack/extentreports/4.0.9/extentreports-4.0.9.jar!/com/aventstack/extentreports/view/v3html/v3-html-index.ftl"
2023-10-17 18:37:40 DEBUG cache:45 - Couldn't find template in cache for "v3html/v3-html-head.ftl"("en", UTF-8, parsed); will try to load it.
2023-10-17 18:37:40 DEBUG cache:45 - TemplateLoader.findTemplateSource("v3html/v3-html-head_en.ftl"): Not found
2023-10-17 18:37:40 DEBUG cache:45 - TemplateLoader.findTemplateSource("v3html/v3-html-head.ftl"): Found
2023-10-17 18:37:40 DEBUG cache:45 - Loading template for "v3html/v3-html-head.ftl"("en", UTF-8, parsed) from "jar:file:/C:/Users/sreek/.m2/repository/com/aventstack/extentreports/4.0.9/extentreports-4.0.9.jar!/com/aventstack/extentreports/view/v3html/v3-html-head.ftl"
2023-10-17 18:37:40 DEBUG cache:45 - Couldn't find template in cache for "v3html/v3-html-nav.ftl"("en", UTF-8, parsed); will try to load it.
2023-10-17 18:37:40 DEBUG cache:45 - TemplateLoader.findTemplateSource("v3html/v3-html-nav_en.ftl"): Not found
2023-10-17 18:37:40 DEBUG cache:45 - TemplateLoader.findTemplateSource("v3html/v3-html-nav.ftl"): Found
2023-10-17 18:37:40 DEBUG cache:45 - Loading template for "v3html/v3-html-nav.ftl"("en", UTF-8, parsed) from "jar:file:/C:/Users/sreek/.m2/repository/com/aventstack/extentreports/4.0.9/extentreports-4.0.9.jar!/com/aventstack/extentreports/view/v3html/v3-html-nav.ftl"
2023-10-17 18:37:40 DEBUG cache:45 - Couldn't find template in cache for "v3html/test-view/v3-html-test-view.ftl"("en", UTF-8, parsed); will try to load it.
2023-10-17 18:37:40 DEBUG cache:45 - TemplateLoader.findTemplateSource("v3html/test-view/v3-html-test-view_en.ftl"): Not found
2023-10-17 18:37:40 DEBUG cache:45 - TemplateLoader.findTemplateSource("v3html/test-view/v3-html-test-view.ftl"): Found
2023-10-17 18:37:40 DEBUG cache:45 - Loading template for "v3html/test-view/v3-html-test-view.ftl"("en", UTF-8, parsed) from "jar:file:/C:/Users/sreek/.m2/repository/com/aventstack/extentreports/4.0.9/extentreports-4.0.9.jar!/com/aventstack/extentreports/view/v3html/test-view/v3-html-test-view.ftl"
2023-10-17 18:37:40 DEBUG cache:45 - Couldn't find template in cache for "v3html/test-view/v3-html-test-view-charts.ftl"("en", UTF-8, parsed); will try to load it.
2023-10-17 18:37:40 DEBUG cache:45 - TemplateLoader.findTemplateSource("v3html/test-view/v3-html-test-view-charts_en.ftl"): Not found
2023-10-17 18:37:40 DEBUG cache:45 - TemplateLoader.findTemplateSource("v3html/test-view/v3-html-test-view-charts.ftl"): Found
2023-10-17 18:37:40 DEBUG cache:45 - Loading template for "v3html/test-view/v3-html-test-view-charts.ftl"("en", UTF-8, parsed) from "jar:file:/C:/Users/sreek/.m2/repository/com/aventstack/extentreports/4.0.9/extentreports-4.0.9.jar!/com/aventstack/extentreports/view/v3html/test-view/v3-html-test-view-charts.ftl"
2023-10-17 18:37:40 DEBUG cache:45 - Couldn't find template in cache for "v3html/test-view/v3-html-standard.ftl"("en", UTF-8, parsed); will try to load it.
2023-10-17 18:37:40 DEBUG cache:45 - TemplateLoader.findTemplateSource("v3html/test-view/v3-html-standard_en.ftl"): Not found
2023-10-17 18:37:40 DEBUG cache:45 - TemplateLoader.findTemplateSource("v3html/test-view/v3-html-standard.ftl"): Found
2023-10-17 18:37:40 DEBUG cache:45 - Loading template for "v3html/test-view/v3-html-standard.ftl"("en", UTF-8, parsed) from "jar:file:/C:/Users/sreek/.m2/repository/com/aventstack/extentreports/4.0.9/extentreports-4.0.9.jar!/com/aventstack/extentreports/view/v3html/test-view/v3-html-standard.ftl"
2023-10-17 18:37:40 DEBUG cache:45 - "v3html/test-view/v3-html-standard.ftl"("en", UTF-8, parsed) cached copy not yet stale; using cached.
2023-10-17 18:37:40 DEBUG cache:45 - "v3html/test-view/v3-html-standard.ftl"("en", UTF-8, parsed) cached copy not yet stale; using cached.
2023-10-17 18:37:40 DEBUG cache:45 - Couldn't find template in cache for "v3html/category-view/v3-html-category-view.ftl"("en", UTF-8, parsed); will try to load it.
2023-10-17 18:37:40 DEBUG cache:45 - TemplateLoader.findTemplateSource("v3html/category-view/v3-html-category-view_en.ftl"): Not found
2023-10-17 18:37:40 DEBUG cache:45 - TemplateLoader.findTemplateSource("v3html/category-view/v3-html-category-view.ftl"): Found
2023-10-17 18:37:40 DEBUG cache:45 - Loading template for "v3html/category-view/v3-html-category-view.ftl"("en", UTF-8, parsed) from "jar:file:/C:/Users/sreek/.m2/repository/com/aventstack/extentreports/4.0.9/extentreports-4.0.9.jar!/com/aventstack/extentreports/view/v3html/category-view/v3-html-category-view.ftl"
2023-10-17 18:37:40 DEBUG cache:45 - Couldn't find template in cache for "v3html/exception-view/v3-html-exception-view.ftl"("en", UTF-8, parsed); will try to load it.
2023-10-17 18:37:40 DEBUG cache:45 - TemplateLoader.findTemplateSource("v3html/exception-view/v3-html-exception-view_en.ftl"): Not found
2023-10-17 18:37:40 DEBUG cache:45 - TemplateLoader.findTemplateSource("v3html/exception-view/v3-html-exception-view.ftl"): Found
2023-10-17 18:37:40 DEBUG cache:45 - Loading template for "v3html/exception-view/v3-html-exception-view.ftl"("en", UTF-8, parsed) from "jar:file:/C:/Users/sreek/.m2/repository/com/aventstack/extentreports/4.0.9/extentreports-4.0.9.jar!/com/aventstack/extentreports/view/v3html/exception-view/v3-html-exception-view.ftl"
2023-10-17 18:37:40 DEBUG cache:45 - Couldn't find template in cache for "v3html/author-view/v3-html-author-view.ftl"("en", UTF-8, parsed); will try to load it.
2023-10-17 18:37:40 DEBUG cache:45 - TemplateLoader.findTemplateSource("v3html/author-view/v3-html-author-view_en.ftl"): Not found
2023-10-17 18:37:40 DEBUG cache:45 - TemplateLoader.findTemplateSource("v3html/author-view/v3-html-author-view.ftl"): Found
2023-10-17 18:37:40 DEBUG cache:45 - Loading template for "v3html/author-view/v3-html-author-view.ftl"("en", UTF-8, parsed) from "jar:file:/C:/Users/sreek/.m2/repository/com/aventstack/extentreports/4.0.9/extentreports-4.0.9.jar!/com/aventstack/extentreports/view/v3html/author-view/v3-html-author-view.ftl"
2023-10-17 18:37:40 DEBUG cache:45 - Couldn't find template in cache for "v3html/dashboard-view/v3-html-dashboard-view.ftl"("en", UTF-8, parsed); will try to load it.
2023-10-17 18:37:40 DEBUG cache:45 - TemplateLoader.findTemplateSource("v3html/dashboard-view/v3-html-dashboard-view_en.ftl"): Not found
2023-10-17 18:37:40 DEBUG cache:45 - TemplateLoader.findTemplateSource("v3html/dashboard-view/v3-html-dashboard-view.ftl"): Found
2023-10-17 18:37:40 DEBUG cache:45 - Loading template for "v3html/dashboard-view/v3-html-dashboard-view.ftl"("en", UTF-8, parsed) from "jar:file:/C:/Users/sreek/.m2/repository/com/aventstack/extentreports/4.0.9/extentreports-4.0.9.jar!/com/aventstack/extentreports/view/v3html/dashboard-view/v3-html-dashboard-view.ftl"
2023-10-17 18:37:40 DEBUG cache:45 - Couldn't find template in cache for "v3html/logs-view/v3-html-testrunner-logs-view.ftl"("en", UTF-8, parsed); will try to load it.
2023-10-17 18:37:40 DEBUG cache:45 - TemplateLoader.findTemplateSource("v3html/logs-view/v3-html-testrunner-logs-view_en.ftl"): Not found
2023-10-17 18:37:40 DEBUG cache:45 - TemplateLoader.findTemplateSource("v3html/logs-view/v3-html-testrunner-logs-view.ftl"): Found
2023-10-17 18:37:40 DEBUG cache:45 - Loading template for "v3html/logs-view/v3-html-testrunner-logs-view.ftl"("en", UTF-8, parsed) from "jar:file:/C:/Users/sreek/.m2/repository/com/aventstack/extentreports/4.0.9/extentreports-4.0.9.jar!/com/aventstack/extentreports/view/v3html/logs-view/v3-html-testrunner-logs-view.ftl"
